2017/09/28 16:03:28 INFO  
2017/09/28 16:03:28 INFO  Starting application...
2017/09/28 16:03:28 INFO  Successfully started application.
2017/10/02 15:05:07 INFO  
2017/10/02 15:05:07 INFO  Starting application...
2017/10/02 15:05:09 INFO  Successfully started application.
2017/10/02 15:05:38 INFO  Starting generator...
2017/10/02 15:05:50 INFO  Successfully loaded C:\efamily_doc\DATA DICTIONARY\DATA DICTIONARY.xlsx.
2017/10/02 15:05:50 INFO  Preparing export folders...
2017/10/02 15:05:50 INFO  Starting generator...
2017/10/02 15:05:50 INFO  Generating handlers for LOGIN_USER...
2017/10/02 15:05:50 INFO  Generating handlers for ROLE...
2017/10/20 21:06:45 INFO  
2017/10/20 21:06:45 INFO  Starting application...
2017/10/20 21:06:45 INFO  Successfully started application.
2017/10/20 21:06:57 INFO  Starting generator...
2017/10/20 21:06:58 INFO  Successfully loaded C:\efamily_doc\DATA DICTIONARY\DATA DICTIONARY.xlsx.
2017/10/20 21:06:58 INFO  Preparing export folders...
2017/10/20 21:06:58 INFO  Starting generator...
2017/10/20 21:06:58 INFO  Generating handlers for LOGIN_USER...
2017/10/20 21:06:58 INFO  Generating handlers for ROLE...
2017/10/20 21:06:58 INFO  Generating handlers for EVENT...
2017/10/21 12:40:01 INFO  
2017/10/21 12:40:01 INFO  Starting application...
2017/10/21 12:40:06 INFO  Successfully started application.
2017/10/21 12:41:03 INFO  Starting generator...
2017/10/21 12:41:09 INFO  Successfully loaded C:\efamily_doc\DATA DICTIONARY\DATA DICTIONARY.xlsx.
2017/10/21 12:41:09 INFO  Preparing export folders...
2017/10/21 12:41:09 INFO  Starting generator...
2017/10/21 12:41:09 INFO  Generating handlers for LOGIN_USER...
2017/10/21 12:41:09 INFO  Generating handlers for ROLE...
2017/10/21 12:41:09 INFO  Generating handlers for EVENT...
2017/10/21 12:42:37 INFO  
2017/10/21 12:42:37 INFO  Starting application...
2017/10/21 12:42:37 INFO  Successfully started application.
2017/10/21 12:49:27 INFO  
2017/10/21 12:49:27 INFO  Starting application...
2017/10/21 12:49:27 INFO  Successfully started application.
2017/10/21 12:49:37 INFO  Starting generator...
2017/10/21 12:49:38 INFO  Successfully loaded C:\efamily_doc\DATA DICTIONARY\DATA DICTIONARY.xlsx.
2017/10/21 12:49:38 INFO  Preparing export folders...
2017/10/21 12:49:38 INFO  Starting generator...
2017/10/21 12:49:38 INFO  Generating handlers for LOGIN_USER...
2017/10/21 12:49:38 INFO  Generating handlers for ROLE...
2017/10/21 12:49:38 INFO  Generating handlers for EVENT...
